
SQL*Loader: Release 11.2.0.1.0 - Production on Сб Ноя 23 00:01:47 2019

Copyright (c) 1982, 2009, Oracle and/or its affiliates.  All rights reserved.

Управляющий файл:      ORDRS.ctl
Файл данных:           ORDRS.ctl
  Файл плохих записей: ORDRS.bad
  Файл удаленных записей:  ничего не задано
 
 (Разрешить удалять все записи)

Количество записей для загрузки: ALL
Количество записей для пропуска: 0
Допускается ошибок: 50
Массив привязки:64 строк, макс. из 256000 байт
Продолжение:    ничего не задано
Использован маршрут:      Условный

Таблица ORDRS, загружен из каждой логической записи.
Режим вставки действует для этой таблицы: REPLACE
Действует опция TRAILING NULLCOLS

   Имя столбца                  Позиция    Дл.  Огр. Вкл Тип данных
------------------------------ ---------- ----- ---- ---- ---------------------
ORDER_NUM                           FIRST     *   ;       CHARACTER            
ORDER_DATE                           NEXT     *   ;       DATE DD-MM-YYYY      
PRODUCT                              NEXT     *   ;       CHARACTER            
    Строка SQL для столбца : "UPPER(:PRODUCT)"
AMOUNT                               NEXT     *   ;       CHARACTER            
    Строка SQL для столбца : ":AMOUNT * 2"
TEXT                              DERIVED     *  EOF      CHARACTER            
    Динамический LOBFILE.  Имя файла в поле F_NAME
IMG                               DERIVED     *  EOF      CHARACTER            
    Динамический LOBFILE.  Имя файла в поле I_NAME
F_NAME                               NEXT     *   ;       CHARACTER            
I_NAME                               NEXT     *   ;       CHARACTER            


SQL*Loader-462: ошибка при вставке LOB в столбец TEXT, строку 1 таблицы ORDRS
SQL*Loader-646: для LOB в столбце TEXT, строке 1 таблицы ORDRS установлено значение EMPTY
не задано значение для динамического файла для столбца TEXT в таблице ORDRS столбца 1
поле для имени динамического файла - F_NAME в таблице ORDRS

SQL*Loader-462: ошибка при вставке LOB в столбец IMG, строку 1 таблицы ORDRS
SQL*Loader-646: для LOB в столбце IMG, строке 1 таблицы ORDRS установлено значение EMPTY
не задано значение для динамического файла для столбца IMG в таблице ORDRS столбца 1
поле для имени динамического файла - I_NAME в таблице ORDRS

SQL*Loader-462: ошибка при вставке LOB в столбец TEXT, строку 2 таблицы ORDRS
SQL*Loader-646: для LOB в столбце TEXT, строке 2 таблицы ORDRS установлено значение EMPTY
не задано значение для динамического файла для столбца TEXT в таблице ORDRS столбца 2
поле для имени динамического файла - F_NAME в таблице ORDRS

SQL*Loader-462: ошибка при вставке LOB в столбец IMG, строку 2 таблицы ORDRS
SQL*Loader-646: для LOB в столбце IMG, строке 2 таблицы ORDRS установлено значение EMPTY
не задано значение для динамического файла для столбца IMG в таблице ORDRS столбца 2
поле для имени динамического файла - I_NAME в таблице ORDRS

SQL*Loader-462: ошибка при вставке LOB в столбец TEXT, строку 4 таблицы ORDRS
SQL*Loader-646: для LOB в столбце TEXT, строке 4 таблицы ORDRS установлено значение EMPTY
не задано значение для динамического файла для столбца TEXT в таблице ORDRS столбца 4
поле для имени динамического файла - F_NAME в таблице ORDRS

SQL*Loader-462: ошибка при вставке LOB в столбец IMG, строку 4 таблицы ORDRS
SQL*Loader-646: для LOB в столбце IMG, строке 4 таблицы ORDRS установлено значение EMPTY
не задано значение для динамического файла для столбца IMG в таблице ORDRS столбца 4
поле для имени динамического файла - I_NAME в таблице ORDRS

SQL*Loader-462: ошибка при вставке LOB в столбец TEXT, строку 5 таблицы ORDRS
SQL*Loader-646: для LOB в столбце TEXT, строке 5 таблицы ORDRS установлено значение EMPTY
не задано значение для динамического файла для столбца TEXT в таблице ORDRS столбца 5
поле для имени динамического файла - F_NAME в таблице ORDRS

SQL*Loader-462: ошибка при вставке LOB в столбец IMG, строку 5 таблицы ORDRS
SQL*Loader-646: для LOB в столбце IMG, строке 5 таблицы ORDRS установлено значение EMPTY
не задано значение для динамического файла для столбца IMG в таблице ORDRS столбца 5
поле для имени динамического файла - I_NAME в таблице ORDRS

SQL*Loader-462: ошибка при вставке LOB в столбец TEXT, строку 6 таблицы ORDRS
SQL*Loader-646: для LOB в столбце TEXT, строке 6 таблицы ORDRS установлено значение EMPTY
не задано значение для динамического файла для столбца TEXT в таблице ORDRS столбца 6
поле для имени динамического файла - F_NAME в таблице ORDRS

SQL*Loader-462: ошибка при вставке LOB в столбец IMG, строку 6 таблицы ORDRS
SQL*Loader-646: для LOB в столбце IMG, строке 6 таблицы ORDRS установлено значение EMPTY
не задано значение для динамического файла для столбца IMG в таблице ORDRS столбца 6
поле для имени динамического файла - I_NAME в таблице ORDRS

SQL*Loader-462: ошибка при вставке LOB в столбец TEXT, строку 7 таблицы ORDRS
SQL*Loader-646: для LOB в столбце TEXT, строке 7 таблицы ORDRS установлено значение EMPTY
не задано значение для динамического файла для столбца TEXT в таблице ORDRS столбца 7
поле для имени динамического файла - F_NAME в таблице ORDRS

Таблица ORDRS:
  7 Строки успешно загружено.
  0 Строки не загружены из-за ошибки в данных.
  0 Строки не загружены из-за сбоев во всех фразах WHEN.
  0 Строки не загружены из-за того, что все поля были пусты.


Для массива привязки отведено:                  99072 байт(64 строк)
Байтов буфера чтения: 1048576

Всего пропущено логических записей:          0
Всего прочитано логических записей:            7
Всего забраковано логических записей:        0
Всего удалено логических записей:        0

Прогон начался в Сб Ноя 23 00:01:47 2019
Прогон кончился в Сб Ноя 23 00:01:50 2019

Общее время:          00:00:03.29
Процессорное время:   00:00:00.13
